<?xml version="1.0" encoding="UTF-8"?>
<!-- Generated by org.testng.reporters.JUnitReportReporter -->
<testsuite hostname="LIN66003201" name="TestRunner" tests="1" failures="0" timestamp="26 Jun 2018 11:12:32 GMT" time="0.981" errors="0">
  <testcase name="TestRunnerMethod" time="0.981" classname="TestRunner"/>
</testsuite> <!-- TestRunner -->
